{"logTime": "0608/220441", "correlationVector":"jyNX6AAbQj0WsRjozwrPVQ.1","action":"SyncServerConnectionManagerRequest", "result":"SYNC_SERVER_OK", "context":{"environment":"Prod_francecentral_prod-s01-062-eur-francecentral", "migrationStage":"NotStarted", "server":"akswtt11500000s"}}
{"logTime": "0608/220441", "correlationVector":"jyNX6AAbQj0WsRjozwrPVQ.2","action":"ProcessGetUpdates", "result":"Done", "context":{"dataType":"Encryption Keys", "deleted":"0", "process_failed_to_decrypt":"0", "process_pending_decryption":"0", "process_success":"1", "total":"1"}}
{"logTime": "0608/220441", "correlationVector":"uIwVZJQPZ89E6HkvvITNJP","action":"SyncServerConnectionManagerRequest", "result":"SYNC_SERVER_OK", "context":{"environment":"", "migrationStage":"", "server":""}}
{"logTime": "0608/220441", "correlationVector":"uIwVZJQPZ89E6HkvvITNJP.0","action":"EncryptionKeysFetcher.DownloadKeys:", "result":"Success", "context":Key count: 10, Last key timestamp: 2026-01-13T18:19:24Z}
{"logTime": "0608/220441", "correlationVector":"uIwVZJQPZ89E6HkvvITNJP.1","action":"EncryptionKeysManager::SetEncryptionKeys:", "result":"Success", "context":Key names[10]:[v68sMkPCJ8ouvGF6hEkx9mxiTfQktdkok5WbLBrgvKRBqmWHcR+BGdeSaaugup5vZ3WipBhpvHSM+Eppn5aHFA==][ON6iwMPeksYxUUEGza0bTv7w5AAemKIMWETDbCvv/pDUEONnXFPJIt3ped5S3W7vqmje/n4pPBf15A2cGW5JGw==][8n8LTESIqjp+h8KgKIPJtfbJ6aCQi7LqclOoxjdX/utpYV5PC+DPWIC4fUHnkN7Sp9vB7686j08CaJxbXvJ6Vg==][LoGI7Nd191G3xNS/AT8FlgZ/oSDaqIsiS4IhelBUXR4TST+LASy/P9gfmGvYZUhEZ8e2lO0MKHj76CO37nDH2w==][2r9IDNjskB+alv6KRWoIyAAMUZOcX5P/QfvfAl2upg/9amNoT2u5/HtM26FjFMnKmxqKm/nobIOTBOmp4lFgCA==][EDzbOSioJIGjRx4qO95/edm+wH+zULwoVW68bqgjwG2x/gk/vmvj77YoMHngRO36+U9zfnCd38kGiMO1VjATJA==][FXxPB9xkjcSUGRhSVwNs61bToP8IDkFRZLLL8EadACJnmkGkVrhqdmqeEpUtuauPEnC3AnXvy4vgkc9wL8RAlw==][oFNwa8wXkZftMEnsz3a4ut0gZ9FIGMisiFgG0BRUNwY1+eXNhCbVGYwVlxO/eCbd4aFAguGjBWcFtKTk6ATMVg==][u2ZmUfjEQ0x68HpTbTQ9huk+CfNNTN0EoONMkRfMPZG7Eb+bB94ELf+AJRhOBXhSq8ay0faaNrtyAvMkhjKQEA==][3L2QpV1LH318GD4FmPcFYi12pPg4vDd5nBBD4P0fNYisF6sYZSPOgHxe9hpiw4kZKuPNwESe86zrhGs2CIxi0w==]}
{"logTime": "0608/220441", "correlationVector":"uIwVZJQPZ89E6HkvvITNJP.2","action":"EncryptionKeysManager::SetEncryptionKeysWithTimestamps:", "result":"Success", "context":Key timestamps[10]:[2022-02-25T21:16:23Z][2023-01-28T11:52:22Z][2023-06-02T16:32:19Z][2023-12-22T14:58:28Z][2024-01-05T15:48:30Z][2024-12-12T23:32:08Z][2025-04-21T15:12:45Z][2025-04-30T11:51:43Z][2025-05-23T10:28:34Z][2026-01-13T18:19:24Z]}
{"logTime": "0608/220441", "correlationVector":"jyNX6AAbQj0WsRjozwrPVQ","action":"Initial GetUpdates", "result":"", "context":Reason: NEW_CLIENT. cV=jyNX6AAbQj0WsRjozwrPVQ}
{"logTime": "0608/220441", "correlationVector":"jyNX6AAbQj0WsRjozwrPVQ.3","action":"GetUpdates Response", "result":"Success", "context":Received 1 update(s). cV=jyNX6AAbQj0WsRjozwrPVQ.0;server=akswtt11500000s;cloudType=Consumer;environment=Prod_francecentral_prod-s01-062-eur-francecentral;migrationStage=NotStarted}
{"logTime": "0608/220441", "correlationVector":"jR1ZB8j7feWvgueYgfFu/5","action":"Initial GetUpdates", "result":"", "context":Reason: NEWLY_SUPPORTED_DATATYPE. cV=jR1ZB8j7feWvgueYgfFu/5}
{"logTime": "0608/220441", "correlationVector":"jR1ZB8j7feWvgueYgfFu/5.1","action":"SyncServerConnectionManagerRequest", "result":"SYNC_SERVER_OK", "context":{"environment":"Prod_francecentral_prod-s01-062-eur-francecentral", "migrationStage":"NotStarted", "server":"akswtt11500000b"}}
{"logTime": "0608/220441", "correlationVector":"jR1ZB8j7feWvgueYgfFu/5.2","action":"ProcessGetUpdates", "result":"Done", "context":{"dataType":"Preferences", "deleted":"0", "process_failed_to_decrypt":"0", "process_pending_decryption":"0", "process_success":"55", "total":"55"}}
{"logTime": "0608/220441", "correlationVector":"jR1ZB8j7feWvgueYgfFu/5.3","action":"ProcessGetUpdates", "result":"Done", "context":{"dataType":"Passwords", "deleted":"0", "process_failed_to_decrypt":"0", "process_pending_decryption":"0", "process_success":"1", "total":"1"}}
{"logTime": "0608/220441", "correlationVector":"jR1ZB8j7feWvgueYgfFu/5.4","action":"ProcessGetUpdates", "result":"Done", "context":{"dataType":"Device Info", "deleted":"0", "process_failed_to_decrypt":"0", "process_pending_decryption":"0", "process_success":"17", "total":"17"}}
{"logTime": "0608/220441", "correlationVector":"jR1ZB8j7feWvgueYgfFu/5.5","action":"GetUpdates Response", "result":"Success", "context":Received 73 update(s). cV=jR1ZB8j7feWvgueYgfFu/5.0;server=akswtt11500000b;cloudType=Consumer;environment=Prod_francecentral_prod-s01-062-eur-francecentral;migrationStage=NotStarted}
{"logTime": "0608/220441", "correlationVector":"bovTn91BZfaax8QfxKMer4","action":"Initial GetUpdates", "result":"", "context":Reason: NEWLY_SUPPORTED_DATATYPE. cV=bovTn91BZfaax8QfxKMer4}
{"logTime": "0608/220442", "correlationVector":"bovTn91BZfaax8QfxKMer4.1","action":"SyncServerConnectionManagerRequest", "result":"SYNC_SERVER_OK", "context":{"environment":"Prod_francecentral_prod-s01-062-eur-francecentral", "migrationStage":"NotStarted", "server":"akswtt11500000p"}}
{"logTime": "0608/220442", "correlationVector":"bovTn91BZfaax8QfxKMer4.2","action":"ProcessGetUpdates", "result":"Done", "context":{"dataType":"Bookmarks", "deleted":"0", "process_failed_to_decrypt":"0", "process_pending_decryption":"0", "process_success":"6", "total":"6"}}
{"logTime": "0608/220442", "correlationVector":"bovTn91BZfaax8QfxKMer4.3","action":"GetUpdates Response", "result":"Success", "context":Received 6 update(s). cV=bovTn91BZfaax8QfxKMer4.0;server=akswtt11500000p;cloudType=Consumer;environment=Prod_francecentral_prod-s01-062-eur-francecentral;migrationStage=NotStarted}
{"logTime": "0608/220442", "correlationVector":"10Q7axRCo76rHVVhxx37QY","action":"Initial GetUpdates", "result":"", "context":Reason: NEWLY_SUPPORTED_DATATYPE. cV=10Q7axRCo76rHVVhxx37QY}
{"logTime": "0608/220442", "correlationVector":"10Q7axRCo76rHVVhxx37QY.1","action":"SyncServerConnectionManagerRequest", "result":"SYNC_SERVER_OK", "context":{"environment":"Prod_francecentral_prod-s01-062-eur-francecentral", "migrationStage":"NotStarted", "server":"akswtt11500000p"}}
{"logTime": "0608/220442", "correlationVector":"10Q7axRCo76rHVVhxx37QY.2","action":"ProcessGetUpdates", "result":"Done", "context":{"dataType":"Autofill Profiles", "deleted":"0", "process_failed_to_decrypt":"0", "process_pending_decryption":"0", "process_success":"3", "total":"3"}}
{"logTime": "0608/220442", "correlationVector":"10Q7axRCo76rHVVhxx37QY.3","action":"ProcessGetUpdates", "result":"Done", "context":{"dataType":"Autofill", "deleted":"0", "process_failed_to_decrypt":"0", "process_pending_decryption":"0", "process_success":"49", "total":"49"}}
{"logTime": "0608/220442", "correlationVector":"10Q7axRCo76rHVVhxx37QY.4","action":"ProcessGetUpdates", "result":"Done", "context":{"dataType":"Sessions", "deleted":"37", "process_failed_to_decrypt":"0", "process_pending_decryption":"0", "process_success":"76", "total":"76"}}
{"logTime": "0608/220442", "correlationVector":"10Q7axRCo76rHVVhxx37QY.5","action":"ProcessGetUpdates", "result":"Done", "context":{"dataType":"WebAuthn Credentials", "deleted":"0", "process_failed_to_decrypt":"0", "process_pending_decryption":"0", "process_success":"1", "total":"1"}}
{"logTime": "0608/220442", "correlationVector":"10Q7axRCo76rHVVhxx37QY.6","action":"ProcessGetUpdates", "result":"Done", "context":{"dataType":"Edge Hub App Usage", "deleted":"0", "process_failed_to_decrypt":"0", "process_pending_decryption":"0", "process_success":"1", "total":"1"}}
{"logTime": "0608/220442", "correlationVector":"10Q7axRCo76rHVVhxx37QY.7","action":"GetUpdates Response", "result":"Success", "context":Received 130 update(s). cV=10Q7axRCo76rHVVhxx37QY.0;server=akswtt11500000p;cloudType=Consumer;environment=Prod_francecentral_prod-s01-062-eur-francecentral;migrationStage=NotStarted}
{"logTime": "0608/220442", "correlationVector":"5TKOBtQDj7DycoMaHqOzQz","action":"Initial GetUpdates", "result":"", "context":Reason: NEWLY_SUPPORTED_DATATYPE. cV=5TKOBtQDj7DycoMaHqOzQz}
{"logTime": "0608/220442", "correlationVector":"5TKOBtQDj7DycoMaHqOzQz.1","action":"SyncServerConnectionManagerRequest", "result":"SYNC_SERVER_OK", "context":{"environment":"Prod_francecentral_prod-s01-062-eur-francecentral", "migrationStage":"NotStarted", "server":"akswtt11500000p"}}
{"logTime": "0608/220442", "correlationVector":"5TKOBtQDj7DycoMaHqOzQz.2","action":"ProcessGetUpdates", "result":"Done", "context":{"dataType":"History", "deleted":"0", "process_failed_to_decrypt":"0", "process_pending_decryption":"0", "process_success":"34", "total":"34"}}
{"logTime": "0608/220442", "correlationVector":"5TKOBtQDj7DycoMaHqOzQz.3","action":"GetUpdates Response", "result":"Success", "context":Received 34 update(s). cV=5TKOBtQDj7DycoMaHqOzQz.0;server=akswtt11500000p;cloudType=Consumer;environment=Prod_francecentral_prod-s01-062-eur-francecentral;migrationStage=NotStarted}
{"logTime": "0608/220442", "correlationVector":"qz8sUysOGv6Jpx+otGWgZl","action":"Normal GetUpdate request", "result":"", "context":cV=qz8sUysOGv6Jpx+otGWgZl
Nudged types: Sessions, Device Info, User Consents
Refresh requested types: Bookmarks, Preferences, Passwords, Autofill Profiles, Autofill, Extensions, Sessions, Extension settings, History Delete Directives, Device Info, User Consents, Send Tab To Self, Web Apps, History, Saved Tab Group, WebAuthn Credentials, Collection, Edge E Drop, Edge Hub App Usage, Edge Wallet, Edge Workspace, Encryption Keys}
{"logTime": "0608/220443", "correlationVector":"qz8sUysOGv6Jpx+otGWgZl.1","action":"SyncServerConnectionManagerRequest", "result":"SYNC_SERVER_OK", "context":{"environment":"Prod_francecentral_prod-s01-062-eur-francecentral", "migrationStage":"NotStarted", "server":"akswtt11500001o"}}
{"logTime": "0608/220443", "correlationVector":"qz8sUysOGv6Jpx+otGWgZl.2","action":"GetUpdates Response", "result":"Success", "context":Received 0 update(s). cV=qz8sUysOGv6Jpx+otGWgZl.0;server=akswtt11500001o;cloudType=Consumer;environment=Prod_francecentral_prod-s01-062-eur-francecentral;migrationStage=NotStarted}
{"logTime": "0608/220443", "correlationVector":"dAzJdr59x5f35unE8AavZf","action":"DoCompareDataConsistency requsted types: ", "result":"Bookmarks, Preferences, Passwords, Extensions, Extension settings, History Delete Directives, Send Tab To Self, Web Apps, History, Saved Tab Group, WebAuthn Credentials, Collection, Edge E Drop, Edge Wallet, Edge Workspace, Encryption Keys"}
{"logTime": "0608/220443", "correlationVector":"dAzJdr59x5f35unE8AavZf.0","action":"CompareDataConsistency result: ", "result":"Compare result: Encryption Keys is consistent. local entities count is: 1 local entities hash is: p2xWjWw9WVAxQE1Jc2d6ezd6Emo="}
{"logTime": "0608/220443", "correlationVector":"dAzJdr59x5f35unE8AavZf.1","action":"CompareDataConsistency result: ", "result":"Compare result: Bookmarks is consistent. local entities count is: 0 local entities hash is: "}
{"logTime": "0608/220443", "correlationVector":"dAzJdr59x5f35unE8AavZf.2","action":"CompareDataConsistency result: ", "result":"Compare result: Preferences is consistent. local entities count is: 55 local entities hash is: YuDoUZCFo1fvyPI3Ncs/650p9ZE="}
{"logTime": "0608/220443", "correlationVector":"dAzJdr59x5f35unE8AavZf.3","action":"CompareDataConsistency result: ", "result":"Compare result: Extensions is consistent. local entities count is: 0 local entities hash is: "}
{"logTime": "0608/220443", "correlationVector":"dAzJdr59x5f35unE8AavZf.4","action":"CompareDataConsistency result: ", "result":"Compare result: Extension settings is consistent. local entities count is: 0 local entities hash is: "}
{"logTime": "0608/220443", "correlationVector":"dAzJdr59x5f35unE8AavZf.5","action":"CompareDataConsistency result: ", "result":"Compare result: History Delete Directives is consistent. local entities count is: 0 local entities hash is: "}
{"logTime": "0608/220443", "correlationVector":"dAzJdr59x5f35unE8AavZf.6","action":"CompareDataConsistency result: ", "result":"Server did not send this Send Tab To Self local entities count is: 0 local entities hash is: "}
{"logTime": "0608/220443", "correlationVector":"dAzJdr59x5f35unE8AavZf.7","action":"CompareDataConsistency result: ", "result":"Compare result: Web Apps is consistent. local entities count is: 0 local entities hash is: "}
{"logTime": "0608/220443", "correlationVector":"dAzJdr59x5f35unE8AavZf.8","action":"CompareDataConsistency result: ", "result":"Server did not send this History local entities count is: 0 local entities hash is: "}
{"logTime": "0608/220443", "correlationVector":"dAzJdr59x5f35unE8AavZf.9","action":"CompareDataConsistency result: ", "result":"Compare result: Saved Tab Group is consistent. local entities count is: 0 local entities hash is: "}
{"logTime": "0608/220443", "correlationVector":"dAzJdr59x5f35unE8AavZf.10","action":"CompareDataConsistency result: ", "result":"Server did not send this WebAuthn Credentials local entities count is: 1 local entities hash is: 2GAJxQwzVTaD0Fr8JxETq/fhGNE="}
{"logTime": "0608/220443", "correlationVector":"dAzJdr59x5f35unE8AavZf.11","action":"CompareDataConsistency result: ", "result":"Compare result: Collection is consistent. local entities count is: 0 local entities hash is: "}
{"logTime": "0608/220443", "correlationVector":"dAzJdr59x5f35unE8AavZf.12","action":"CompareDataConsistency result: ", "result":"Compare result: Edge E Drop is consistent. local entities count is: 0 local entities hash is: "}
{"logTime": "0608/220443", "correlationVector":"dAzJdr59x5f35unE8AavZf.13","action":"CompareDataConsistency result: ", "result":"Compare result: Edge Wallet is consistent. local entities count is: 0 local entities hash is: "}
{"logTime": "0608/220443", "correlationVector":"dAzJdr59x5f35unE8AavZf.14","action":"CompareDataConsistency result: ", "result":"Server did not send this Edge Workspace local entities count is: 0 local entities hash is: "}
{"logTime": "0608/220443", "correlationVector":"dAzJdr59x5f35unE8AavZf.15","action":"CompareDataConsistency result: ", "result":"Compare result: Passwords is consistent. local entities count is: 1 local entities hash is: 3Ow3ulfIR4sNPb97pDhiyCYmJ4A="}
{"logTime": "0608/220443", "correlationVector":"kf5soZ9v0ehXgscT4nE8Uq","action":"Commit Request", "result":"", "context":Item count: 5
Contributing types: Sessions, Device Info, User Consents}
{"logTime": "0608/220443", "correlationVector":"kf5soZ9v0ehXgscT4nE8Uq.1","action":"SyncServerConnectionManagerRequest", "result":"SYNC_SERVER_OK", "context":{"environment":"Prod_francecentral_prod-s01-062-eur-francecentral", "migrationStage":"NotStarted", "server":"akswtt11500001o"}}
{"logTime": "0608/220443", "correlationVector":"kf5soZ9v0ehXgscT4nE8Uq.2","action":"Commit Response", "result":"Success", "context":Result: Success. cV=kf5soZ9v0ehXgscT4nE8Uq.0;server=akswtt11500001o;cloudType=Consumer;environment=Prod_francecentral_prod-s01-062-eur-francecentral;migrationStage=NotStarted}
{"logTime": "0608/220443", "correlationVector":"","action":"DIAGNOSTIC_REQUEST|v1/diagnosticData/Diagnostic.SendCheckResult()|SUCCESS", "result":""}
