{"logTime": "0608/223930", "correlationVector":"rgTxKDtOl/R5lEy1zzAc0W.1","action":"SyncServerConnectionManagerRequest", "result":"SYNC_SERVER_OK", "context":{"environment":"Prod_francecentral_prod-s01-062-eur-francecentral", "migrationStage":"NotStarted", "server":"akswtt115000005"}}
{"logTime": "0608/223930", "correlationVector":"rgTxKDtOl/R5lEy1zzAc0W.2","action":"ProcessGetUpdates", "result":"Done", "context":{"dataType":"Encryption Keys", "deleted":"0", "process_failed_to_decrypt":"0", "process_pending_decryption":"0", "process_success":"1", "total":"1"}}
{"logTime": "0608/223930", "correlationVector":"yN/iylgAdtTclButQn5BiA","action":"SyncServerConnectionManagerRequest", "result":"SYNC_SERVER_OK", "context":{"environment":"", "migrationStage":"", "server":""}}
{"logTime": "0608/223930", "correlationVector":"yN/iylgAdtTclButQn5BiA.0","action":"EncryptionKeysFetcher.DownloadKeys:", "result":"Success", "context":Key count: 10, Last key timestamp: 2026-01-13T18:19:24Z}
{"logTime": "0608/223930", "correlationVector":"yN/iylgAdtTclButQn5BiA.1","action":"EncryptionKeysManager::SetEncryptionKeys:", "result":"Success", "context":Key names[10]:[v68sMkPCJ8ouvGF6hEkx9mxiTfQktdkok5WbLBrgvKRBqmWHcR+BGdeSaaugup5vZ3WipBhpvHSM+Eppn5aHFA==][ON6iwMPeksYxUUEGza0bTv7w5AAemKIMWETDbCvv/pDUEONnXFPJIt3ped5S3W7vqmje/n4pPBf15A2cGW5JGw==][8n8LTESIqjp+h8KgKIPJtfbJ6aCQi7LqclOoxjdX/utpYV5PC+DPWIC4fUHnkN7Sp9vB7686j08CaJxbXvJ6Vg==][LoGI7Nd191G3xNS/AT8FlgZ/oSDaqIsiS4IhelBUXR4TST+LASy/P9gfmGvYZUhEZ8e2lO0MKHj76CO37nDH2w==][2r9IDNjskB+alv6KRWoIyAAMUZOcX5P/QfvfAl2upg/9amNoT2u5/HtM26FjFMnKmxqKm/nobIOTBOmp4lFgCA==][EDzbOSioJIGjRx4qO95/edm+wH+zULwoVW68bqgjwG2x/gk/vmvj77YoMHngRO36+U9zfnCd38kGiMO1VjATJA==][FXxPB9xkjcSUGRhSVwNs61bToP8IDkFRZLLL8EadACJnmkGkVrhqdmqeEpUtuauPEnC3AnXvy4vgkc9wL8RAlw==][oFNwa8wXkZftMEnsz3a4ut0gZ9FIGMisiFgG0BRUNwY1+eXNhCbVGYwVlxO/eCbd4aFAguGjBWcFtKTk6ATMVg==][u2ZmUfjEQ0x68HpTbTQ9huk+CfNNTN0EoONMkRfMPZG7Eb+bB94ELf+AJRhOBXhSq8ay0faaNrtyAvMkhjKQEA==][3L2QpV1LH318GD4FmPcFYi12pPg4vDd5nBBD4P0fNYisF6sYZSPOgHxe9hpiw4kZKuPNwESe86zrhGs2CIxi0w==]}
{"logTime": "0608/223930", "correlationVector":"yN/iylgAdtTclButQn5BiA.2","action":"EncryptionKeysManager::SetEncryptionKeysWithTimestamps:", "result":"Success", "context":Key timestamps[10]:[2022-02-25T21:16:23Z][2023-01-28T11:52:22Z][2023-06-02T16:32:19Z][2023-12-22T14:58:28Z][2024-01-05T15:48:30Z][2024-12-12T23:32:08Z][2025-04-21T15:12:45Z][2025-04-30T11:51:43Z][2025-05-23T10:28:34Z][2026-01-13T18:19:24Z]}
{"logTime": "0608/223930", "correlationVector":"rgTxKDtOl/R5lEy1zzAc0W","action":"Initial GetUpdates", "result":"", "context":Reason: NEW_CLIENT. cV=rgTxKDtOl/R5lEy1zzAc0W}
{"logTime": "0608/223930", "correlationVector":"rgTxKDtOl/R5lEy1zzAc0W.3","action":"GetUpdates Response", "result":"Success", "context":Received 1 update(s). cV=rgTxKDtOl/R5lEy1zzAc0W.0;server=akswtt115000005;cloudType=Consumer;environment=Prod_francecentral_prod-s01-062-eur-francecentral;migrationStage=NotStarted}
{"logTime": "0608/223930", "correlationVector":"ULFeyVVrnFkUa2yszd3P4u","action":"Initial GetUpdates", "result":"", "context":Reason: NEWLY_SUPPORTED_DATATYPE. cV=ULFeyVVrnFkUa2yszd3P4u}
{"logTime": "0608/223931", "correlationVector":"ULFeyVVrnFkUa2yszd3P4u.1","action":"SyncServerConnectionManagerRequest", "result":"SYNC_SERVER_OK", "context":{"environment":"Prod_francecentral_prod-s01-062-eur-francecentral", "migrationStage":"NotStarted", "server":"akswtt11500000b"}}
{"logTime": "0608/223931", "correlationVector":"ULFeyVVrnFkUa2yszd3P4u.2","action":"ProcessGetUpdates", "result":"Done", "context":{"dataType":"Preferences", "deleted":"0", "process_failed_to_decrypt":"0", "process_pending_decryption":"0", "process_success":"55", "total":"55"}}
{"logTime": "0608/223931", "correlationVector":"ULFeyVVrnFkUa2yszd3P4u.3","action":"ProcessGetUpdates", "result":"Done", "context":{"dataType":"Passwords", "deleted":"0", "process_failed_to_decrypt":"0", "process_pending_decryption":"0", "process_success":"1", "total":"1"}}
{"logTime": "0608/223931", "correlationVector":"ULFeyVVrnFkUa2yszd3P4u.4","action":"ProcessGetUpdates", "result":"Done", "context":{"dataType":"Device Info", "deleted":"0", "process_failed_to_decrypt":"0", "process_pending_decryption":"0", "process_success":"20", "total":"20"}}
{"logTime": "0608/223931", "correlationVector":"ULFeyVVrnFkUa2yszd3P4u.5","action":"GetUpdates Response", "result":"Success", "context":Received 76 update(s). cV=ULFeyVVrnFkUa2yszd3P4u.0;server=akswtt11500000b;cloudType=Consumer;environment=Prod_francecentral_prod-s01-062-eur-francecentral;migrationStage=NotStarted}
{"logTime": "0608/223931", "correlationVector":"Y+JTZw16pFj6utCcUU8Kl9","action":"Initial GetUpdates", "result":"", "context":Reason: NEWLY_SUPPORTED_DATATYPE. cV=Y+JTZw16pFj6utCcUU8Kl9}
{"logTime": "0608/223931", "correlationVector":"Y+JTZw16pFj6utCcUU8Kl9.1","action":"SyncServerConnectionManagerRequest", "result":"SYNC_SERVER_OK", "context":{"environment":"Prod_francecentral_prod-s01-062-eur-francecentral", "migrationStage":"NotStarted", "server":"akswtt11500000t"}}
{"logTime": "0608/223931", "correlationVector":"Y+JTZw16pFj6utCcUU8Kl9.2","action":"ProcessGetUpdates", "result":"Done", "context":{"dataType":"Bookmarks", "deleted":"0", "process_failed_to_decrypt":"0", "process_pending_decryption":"0", "process_success":"6", "total":"6"}}
{"logTime": "0608/223931", "correlationVector":"Y+JTZw16pFj6utCcUU8Kl9.3","action":"GetUpdates Response", "result":"Success", "context":Received 6 update(s). cV=Y+JTZw16pFj6utCcUU8Kl9.0;server=akswtt11500000t;cloudType=Consumer;environment=Prod_francecentral_prod-s01-062-eur-francecentral;migrationStage=NotStarted}
{"logTime": "0608/223931", "correlationVector":"m4V7e/h9u/773/Mro9KJJo","action":"Initial GetUpdates", "result":"", "context":Reason: NEWLY_SUPPORTED_DATATYPE. cV=m4V7e/h9u/773/Mro9KJJo}
{"logTime": "0608/223931", "correlationVector":"m4V7e/h9u/773/Mro9KJJo.1","action":"SyncServerConnectionManagerRequest", "result":"SYNC_SERVER_OK", "context":{"environment":"Prod_francecentral_prod-s01-062-eur-francecentral", "migrationStage":"NotStarted", "server":"akswtt11500000j"}}
{"logTime": "0608/223931", "correlationVector":"m4V7e/h9u/773/Mro9KJJo.2","action":"ProcessGetUpdates", "result":"Done", "context":{"dataType":"Autofill Profiles", "deleted":"0", "process_failed_to_decrypt":"0", "process_pending_decryption":"0", "process_success":"3", "total":"3"}}
{"logTime": "0608/223931", "correlationVector":"m4V7e/h9u/773/Mro9KJJo.3","action":"ProcessGetUpdates", "result":"Done", "context":{"dataType":"Autofill", "deleted":"0", "process_failed_to_decrypt":"0", "process_pending_decryption":"0", "process_success":"49", "total":"49"}}
{"logTime": "0608/223931", "correlationVector":"m4V7e/h9u/773/Mro9KJJo.4","action":"ProcessGetUpdates", "result":"Done", "context":{"dataType":"Sessions", "deleted":"37", "process_failed_to_decrypt":"0", "process_pending_decryption":"0", "process_success":"85", "total":"85"}}
{"logTime": "0608/223931", "correlationVector":"m4V7e/h9u/773/Mro9KJJo.5","action":"ProcessGetUpdates", "result":"Done", "context":{"dataType":"WebAuthn Credentials", "deleted":"0", "process_failed_to_decrypt":"0", "process_pending_decryption":"0", "process_success":"1", "total":"1"}}
{"logTime": "0608/223931", "correlationVector":"m4V7e/h9u/773/Mro9KJJo.6","action":"ProcessGetUpdates", "result":"Done", "context":{"dataType":"Edge Hub App Usage", "deleted":"0", "process_failed_to_decrypt":"0", "process_pending_decryption":"0", "process_success":"1", "total":"1"}}
{"logTime": "0608/223931", "correlationVector":"m4V7e/h9u/773/Mro9KJJo.7","action":"GetUpdates Response", "result":"Success", "context":Received 139 update(s). cV=m4V7e/h9u/773/Mro9KJJo.0;server=akswtt11500000j;cloudType=Consumer;environment=Prod_francecentral_prod-s01-062-eur-francecentral;migrationStage=NotStarted}
{"logTime": "0608/223931", "correlationVector":"UUKc7PHEEn1Hz6++W+wmoF","action":"Initial GetUpdates", "result":"", "context":Reason: NEWLY_SUPPORTED_DATATYPE. cV=UUKc7PHEEn1Hz6++W+wmoF}
{"logTime": "0608/223932", "correlationVector":"UUKc7PHEEn1Hz6++W+wmoF.1","action":"SyncServerConnectionManagerRequest", "result":"SYNC_SERVER_OK", "context":{"environment":"Prod_francecentral_prod-s01-062-eur-francecentral", "migrationStage":"NotStarted", "server":"akswtt11500001n"}}
{"logTime": "0608/223932", "correlationVector":"UUKc7PHEEn1Hz6++W+wmoF.2","action":"ProcessGetUpdates", "result":"Done", "context":{"dataType":"History", "deleted":"0", "process_failed_to_decrypt":"0", "process_pending_decryption":"0", "process_success":"34", "total":"34"}}
{"logTime": "0608/223932", "correlationVector":"UUKc7PHEEn1Hz6++W+wmoF.3","action":"GetUpdates Response", "result":"Success", "context":Received 34 update(s). cV=UUKc7PHEEn1Hz6++W+wmoF.0;server=akswtt11500001n;cloudType=Consumer;environment=Prod_francecentral_prod-s01-062-eur-francecentral;migrationStage=NotStarted}
{"logTime": "0608/223932", "correlationVector":"ZpgHRS/CNha8KGC/fiIbAA","action":"Normal GetUpdate request", "result":"", "context":cV=ZpgHRS/CNha8KGC/fiIbAA
Nudged types: Sessions, Device Info, User Consents
Refresh requested types: Bookmarks, Preferences, Passwords, Autofill Profiles, Autofill, Extensions, Sessions, Extension settings, History Delete Directives, Device Info, User Consents, Send Tab To Self, Web Apps, History, Saved Tab Group, WebAuthn Credentials, Collection, Edge E Drop, Edge Hub App Usage, Edge Wallet, Edge Workspace, Encryption Keys}
{"logTime": "0608/223932", "correlationVector":"ZpgHRS/CNha8KGC/fiIbAA.1","action":"SyncServerConnectionManagerRequest", "result":"SYNC_SERVER_OK", "context":{"environment":"Prod_francecentral_prod-s01-062-eur-francecentral", "migrationStage":"NotStarted", "server":"akswtt11500000t"}}
{"logTime": "0608/223932", "correlationVector":"ZpgHRS/CNha8KGC/fiIbAA.2","action":"GetUpdates Response", "result":"Success", "context":Received 0 update(s). cV=ZpgHRS/CNha8KGC/fiIbAA.0;server=akswtt11500000t;cloudType=Consumer;environment=Prod_francecentral_prod-s01-062-eur-francecentral;migrationStage=NotStarted}
{"logTime": "0608/223932", "correlationVector":"mo7kLHiDhK7oj5ATslO7QG","action":"DoCompareDataConsistency requsted types: ", "result":"Bookmarks, Preferences, Passwords, Extensions, Extension settings, History Delete Directives, Send Tab To Self, Web Apps, History, Saved Tab Group, WebAuthn Credentials, Collection, Edge E Drop, Edge Wallet, Edge Workspace, Encryption Keys"}
{"logTime": "0608/223932", "correlationVector":"mo7kLHiDhK7oj5ATslO7QG.0","action":"CompareDataConsistency result: ", "result":"Compare result: Encryption Keys is consistent. local entities count is: 1 local entities hash is: p2xWjWw9WVAxQE1Jc2d6ezd6Emo="}
{"logTime": "0608/223932", "correlationVector":"mo7kLHiDhK7oj5ATslO7QG.1","action":"CompareDataConsistency result: ", "result":"Compare result: Bookmarks is consistent. local entities count is: 0 local entities hash is: "}
{"logTime": "0608/223932", "correlationVector":"mo7kLHiDhK7oj5ATslO7QG.2","action":"CompareDataConsistency result: ", "result":"Compare result: Preferences is consistent. local entities count is: 55 local entities hash is: YuDoUZCFo1fvyPI3Ncs/650p9ZE="}
{"logTime": "0608/223932", "correlationVector":"mo7kLHiDhK7oj5ATslO7QG.3","action":"CompareDataConsistency result: ", "result":"Compare result: Extensions is consistent. local entities count is: 0 local entities hash is: "}
{"logTime": "0608/223932", "correlationVector":"mo7kLHiDhK7oj5ATslO7QG.4","action":"CompareDataConsistency result: ", "result":"Compare result: Extension settings is consistent. local entities count is: 0 local entities hash is: "}
{"logTime": "0608/223932", "correlationVector":"mo7kLHiDhK7oj5ATslO7QG.5","action":"CompareDataConsistency result: ", "result":"Compare result: History Delete Directives is consistent. local entities count is: 0 local entities hash is: "}
{"logTime": "0608/223932", "correlationVector":"mo7kLHiDhK7oj5ATslO7QG.6","action":"CompareDataConsistency result: ", "result":"Server did not send this Send Tab To Self local entities count is: 0 local entities hash is: "}
{"logTime": "0608/223932", "correlationVector":"mo7kLHiDhK7oj5ATslO7QG.7","action":"CompareDataConsistency result: ", "result":"Compare result: Web Apps is consistent. local entities count is: 0 local entities hash is: "}
{"logTime": "0608/223932", "correlationVector":"mo7kLHiDhK7oj5ATslO7QG.8","action":"CompareDataConsistency result: ", "result":"Server did not send this History local entities count is: 0 local entities hash is: "}
{"logTime": "0608/223932", "correlationVector":"mo7kLHiDhK7oj5ATslO7QG.9","action":"CompareDataConsistency result: ", "result":"Compare result: Saved Tab Group is consistent. local entities count is: 0 local entities hash is: "}
{"logTime": "0608/223932", "correlationVector":"mo7kLHiDhK7oj5ATslO7QG.10","action":"CompareDataConsistency result: ", "result":"Server did not send this WebAuthn Credentials local entities count is: 1 local entities hash is: 2GAJxQwzVTaD0Fr8JxETq/fhGNE="}
{"logTime": "0608/223932", "correlationVector":"mo7kLHiDhK7oj5ATslO7QG.11","action":"CompareDataConsistency result: ", "result":"Compare result: Collection is consistent. local entities count is: 0 local entities hash is: "}
{"logTime": "0608/223932", "correlationVector":"mo7kLHiDhK7oj5ATslO7QG.12","action":"CompareDataConsistency result: ", "result":"Compare result: Edge E Drop is consistent. local entities count is: 0 local entities hash is: "}
{"logTime": "0608/223932", "correlationVector":"mo7kLHiDhK7oj5ATslO7QG.13","action":"CompareDataConsistency result: ", "result":"Compare result: Edge Wallet is consistent. local entities count is: 0 local entities hash is: "}
{"logTime": "0608/223932", "correlationVector":"mo7kLHiDhK7oj5ATslO7QG.14","action":"CompareDataConsistency result: ", "result":"Server did not send this Edge Workspace local entities count is: 0 local entities hash is: "}
{"logTime": "0608/223932", "correlationVector":"mo7kLHiDhK7oj5ATslO7QG.15","action":"CompareDataConsistency result: ", "result":"Compare result: Passwords is consistent. local entities count is: 1 local entities hash is: 3Ow3ulfIR4sNPb97pDhiyCYmJ4A="}
