2026-06-08 22:39:27.870: [INFO] VisibilityChanged: 0
2026-06-08 22:39:28.002: [INFO] RecordSyncInitDuration has_sync_been_enabled: 0 state: 0
2026-06-08 22:39:28.006: [INFO] RecordSyncInitDuration has_sync_been_enabled: 0 state: 0
2026-06-08 22:39:28.009: [INFO] RecordSyncInitDuration has_sync_been_enabled: 0 state: 0
2026-06-08 22:39:28.012: [INFO] RecordSyncInitDuration has_sync_been_enabled: 0 state: 0
2026-06-08 22:39:28.015: [INFO] RecordSyncInitDuration has_sync_been_enabled: 0 state: 0
2026-06-08 22:39:28.019: [INFO] RecordSyncInitDuration has_sync_been_enabled: 0 state: 0
2026-06-08 22:39:28.022: [INFO] RecordSyncInitDuration has_sync_been_enabled: 0 state: 0
2026-06-08 22:39:28.025: [INFO] RecordSyncInitDuration has_sync_been_enabled: 0 state: 0
2026-06-08 22:39:28.029: [INFO] RecordSyncInitDuration has_sync_been_enabled: 0 state: 0
2026-06-08 22:39:28.034: [INFO] RecordSyncInitDuration has_sync_been_enabled: 0 state: 0
2026-06-08 22:39:28.038: [INFO] RecordSyncInitDuration has_sync_been_enabled: 0 state: 0
2026-06-08 22:39:28.042: [INFO] RecordSyncInitDuration has_sync_been_enabled: 0 state: 0
2026-06-08 22:39:28.075: [INFO] BookmarkNodeAdded, ABU: 0
2026-06-08 22:39:28.076: [INFO] BookmarkNodeAdded, ABU: 0
2026-06-08 22:39:28.077: [INFO] BookmarkNodeAdded, ABU: 0
2026-06-08 22:39:28.077: [INFO] BookmarkModelLoaded, ids_reassigned: 0
2026-06-08 22:39:28.077: [INFO] OnDoneLoading sync enabled: 0
2026-06-08 22:39:28.173: [INFO] RecordSyncInitDuration has_sync_been_enabled: 0 state: 0
2026-06-08 22:39:29.683: [INFO] RecordSyncInitDuration has_sync_been_enabled: 0 state: 0
2026-06-08 22:39:29.692: [INFO] RecordSyncInitDuration has_sync_been_enabled: 0 state: 3
2026-06-08 22:39:29.699: [INFO] Primary account changed.
2026-06-08 22:39:29.699: [INFO] OnPrimaryAccountChanged PrimaryAccountChangeEvent::Type::kSet
2026-06-08 22:39:29.710: [INFO] RecordSyncInitDuration has_sync_been_enabled: 0 state: 3
2026-06-08 22:39:29.741: [INFO] RecordSyncInitDuration has_sync_been_enabled: 0 state: 3
2026-06-08 22:39:31.982: [INFO] Sync initialization duration: 2011ms
