2026-06-08 22:04:39.548: [INFO] VisibilityChanged: 0
2026-06-08 22:04:39.604: [INFO] RecordSyncInitDuration has_sync_been_enabled: 0 state: 0
2026-06-08 22:04:39.606: [INFO] RecordSyncInitDuration has_sync_been_enabled: 0 state: 0
2026-06-08 22:04:39.609: [INFO] RecordSyncInitDuration has_sync_been_enabled: 0 state: 0
2026-06-08 22:04:39.611: [INFO] RecordSyncInitDuration has_sync_been_enabled: 0 state: 0
2026-06-08 22:04:39.613: [INFO] RecordSyncInitDuration has_sync_been_enabled: 0 state: 0
2026-06-08 22:04:39.615: [INFO] RecordSyncInitDuration has_sync_been_enabled: 0 state: 0
2026-06-08 22:04:39.618: [INFO] RecordSyncInitDuration has_sync_been_enabled: 0 state: 0
2026-06-08 22:04:39.620: [INFO] RecordSyncInitDuration has_sync_been_enabled: 0 state: 0
2026-06-08 22:04:39.622: [INFO] RecordSyncInitDuration has_sync_been_enabled: 0 state: 0
2026-06-08 22:04:39.626: [INFO] RecordSyncInitDuration has_sync_been_enabled: 0 state: 0
2026-06-08 22:04:39.628: [INFO] RecordSyncInitDuration has_sync_been_enabled: 0 state: 0
2026-06-08 22:04:39.630: [INFO] RecordSyncInitDuration has_sync_been_enabled: 0 state: 0
2026-06-08 22:04:39.651: [INFO] BookmarkNodeAdded, ABU: 0
2026-06-08 22:04:39.652: [INFO] BookmarkNodeAdded, ABU: 0
2026-06-08 22:04:39.653: [INFO] BookmarkNodeAdded, ABU: 0
2026-06-08 22:04:39.653: [INFO] BookmarkModelLoaded, ids_reassigned: 0
2026-06-08 22:04:39.653: [INFO] OnDoneLoading sync enabled: 0
2026-06-08 22:04:39.736: [INFO] RecordSyncInitDuration has_sync_been_enabled: 0 state: 0
2026-06-08 22:04:40.649: [INFO] RecordSyncInitDuration has_sync_been_enabled: 0 state: 0
2026-06-08 22:04:40.654: [INFO] RecordSyncInitDuration has_sync_been_enabled: 0 state: 3
2026-06-08 22:04:40.664: [INFO] Primary account changed.
2026-06-08 22:04:40.664: [INFO] OnPrimaryAccountChanged PrimaryAccountChangeEvent::Type::kSet
2026-06-08 22:04:40.673: [INFO] RecordSyncInitDuration has_sync_been_enabled: 0 state: 3
2026-06-08 22:04:40.702: [INFO] RecordSyncInitDuration has_sync_been_enabled: 0 state: 3
2026-06-08 22:04:42.484: [INFO] Sync initialization duration: 1585ms
